<?xml version="1.0" encoding="UTF-8"?>
<testsuite xmlns:xsi="http://www.w3.org/2001/XMLSchema-instance" xsi:noNamespaceSchemaLocation="https://maven.apache.org/surefire/maven-surefire-plugin/xsd/surefire-test-report-3.0.xsd" version="3.0" name="org.foi.nwtis.tskobic.zadaca_1.ServerGlavniTest" time="0.279" tests="5" errors="0" skipped="0" failures="1">
  <properties>
    <property name="java.specification.version" value="17"/>
    <property name="sun.jnu.encoding" value="UTF-8"/>
    <property name="java.class.path" value="/home/NWTiS_1/tskobic/tskobic-zadaca_1/tskobic-zadaca_1_app/target/test-classes:/home/NWTiS_1/tskobic/tskobic-zadaca_1/tskobic-zadaca_1_app/target/classes:/home/NWTiS_1/.m2/repository/org/foi/nwtis/tskobic/tskobic-zadaca_1_lib/1.0.1/tskobic-zadaca_1_lib-1.0.1.jar:/home/NWTiS_1/.m2/repository/com/google/code/gson/gson/2.9.0/gson-2.9.0.jar:/home/NWTiS_1/.m2/repository/org/projectlombok/lombok/1.18.22/lombok-1.18.22.jar:/home/NWTiS_1/.m2/repository/org/junit/jupiter/junit-jupiter-engine/5.8.2/junit-jupiter-engine-5.8.2.jar:/home/NWTiS_1/.m2/repository/org/junit/platform/junit-platform-engine/1.8.2/junit-platform-engine-1.8.2.jar:/home/NWTiS_1/.m2/repository/org/opentest4j/opentest4j/1.2.0/opentest4j-1.2.0.jar:/home/NWTiS_1/.m2/repository/org/junit/platform/junit-platform-commons/1.8.2/junit-platform-commons-1.8.2.jar:/home/NWTiS_1/.m2/repository/org/junit/jupiter/junit-jupiter-api/5.8.2/junit-jupiter-api-5.8.2.jar:/home/NWTiS_1/.m2/repository/org/apiguardian/apiguardian-api/1.1.2/apiguardian-api-1.1.2.jar:"/>
    <property name="java.vm.vendor" value="Eclipse Adoptium"/>
    <property name="sun.arch.data.model" value="64"/>
    <property name="java.vendor.url" value="https://adoptium.net/"/>
    <property name="user.timezone" value="Europe/Zagreb"/>
    <property name="os.name" value="Linux"/>
    <property name="java.vm.specification.version" value="17"/>
    <property name="sun.java.launcher" value="SUN_STANDARD"/>
    <property name="user.country" value="US"/>
    <property name="sun.boot.library.path" value="/opt/eclipse/eclipse/plugins/org.eclipse.justj.openjdk.hotspot.jre.full.linux.x86_64_17.0.1.v20211116-1657/jre/lib"/>
    <property name="sun.java.command" value="/home/NWTiS_1/tskobic/tskobic-zadaca_1/tskobic-zadaca_1_app/target/surefire/surefirebooter16492691525341866971.jar /home/NWTiS_1/tskobic/tskobic-zadaca_1/tskobic-zadaca_1_app/target/surefire 2022-03-28T15-39-31_034-jvmRun1 surefire973077932424057069tmp surefire_06432186808800174160tmp"/>
    <property name="jdk.debug" value="release"/>
    <property name="surefire.test.class.path" value="/home/NWTiS_1/tskobic/tskobic-zadaca_1/tskobic-zadaca_1_app/target/test-classes:/home/NWTiS_1/tskobic/tskobic-zadaca_1/tskobic-zadaca_1_app/target/classes:/home/NWTiS_1/.m2/repository/org/foi/nwtis/tskobic/tskobic-zadaca_1_lib/1.0.1/tskobic-zadaca_1_lib-1.0.1.jar:/home/NWTiS_1/.m2/repository/com/google/code/gson/gson/2.9.0/gson-2.9.0.jar:/home/NWTiS_1/.m2/repository/org/projectlombok/lombok/1.18.22/lombok-1.18.22.jar:/home/NWTiS_1/.m2/repository/org/junit/jupiter/junit-jupiter-engine/5.8.2/junit-jupiter-engine-5.8.2.jar:/home/NWTiS_1/.m2/repository/org/junit/platform/junit-platform-engine/1.8.2/junit-platform-engine-1.8.2.jar:/home/NWTiS_1/.m2/repository/org/opentest4j/opentest4j/1.2.0/opentest4j-1.2.0.jar:/home/NWTiS_1/.m2/repository/org/junit/platform/junit-platform-commons/1.8.2/junit-platform-commons-1.8.2.jar:/home/NWTiS_1/.m2/repository/org/junit/jupiter/junit-jupiter-api/5.8.2/junit-jupiter-api-5.8.2.jar:/home/NWTiS_1/.m2/repository/org/apiguardian/apiguardian-api/1.1.2/apiguardian-api-1.1.2.jar:"/>
    <property name="sun.cpu.endian" value="little"/>
    <property name="user.home" value="/home/NWTiS_1"/>
    <property name="user.language" value="en"/>
    <property name="java.specification.vendor" value="Oracle Corporation"/>
    <property name="java.version.date" value="2021-10-19"/>
    <property name="java.home" value="/opt/eclipse/eclipse/plugins/org.eclipse.justj.openjdk.hotspot.jre.full.linux.x86_64_17.0.1.v20211116-1657/jre"/>
    <property name="file.separator" value="/"/>
    <property name="basedir" value="/home/NWTiS_1/tskobic/tskobic-zadaca_1/tskobic-zadaca_1_app"/>
    <property name="java.vm.compressedOopsMode" value="32-bit"/>
    <property name="line.separator" value="&#10;"/>
    <property name="java.vm.specification.vendor" value="Oracle Corporation"/>
    <property name="java.specification.name" value="Java Platform API Specification"/>
    <property name="surefire.real.class.path" value="/home/NWTiS_1/tskobic/tskobic-zadaca_1/tskobic-zadaca_1_app/target/surefire/surefirebooter16492691525341866971.jar"/>
    <property name="sun.management.compiler" value="HotSpot 64-Bit Tiered Compilers"/>
    <property name="java.runtime.version" value="17.0.1+12"/>
    <property name="user.name" value="NWTiS_1"/>
    <property name="path.separator" value=":"/>
    <property name="os.version" value="5.4.0-100-generic"/>
    <property name="java.runtime.name" value="OpenJDK Runtime Environment"/>
    <property name="file.encoding" value="UTF-8"/>
    <property name="java.vm.name" value="OpenJDK 64-Bit Server VM"/>
    <property name="java.vendor.version" value="Temurin-17.0.1+12"/>
    <property name="localRepository" value="/home/NWTiS_1/.m2/repository"/>
    <property name="java.vendor.url.bug" value="https://github.com/adoptium/adoptium-support/issues"/>
    <property name="java.io.tmpdir" value="/tmp"/>
    <property name="java.version" value="17.0.1"/>
    <property name="user.dir" value="/home/NWTiS_1/tskobic/tskobic-zadaca_1/tskobic-zadaca_1_app"/>
    <property name="os.arch" value="amd64"/>
    <property name="java.vm.specification.name" value="Java Virtual Machine Specification"/>
    <property name="native.encoding" value="UTF-8"/>
    <property name="java.library.path" value="/usr/java/packages/lib:/usr/lib64:/lib64:/lib:/usr/lib"/>
    <property name="java.vm.info" value="mixed mode"/>
    <property name="java.vendor" value="Eclipse Adoptium"/>
    <property name="java.vm.version" value="17.0.1+12"/>
    <property name="sun.io.unicode.encoding" value="UnicodeLittle"/>
    <property name="java.class.version" value="61.0"/>
  </properties>
  <testcase name="testUcitavanjePodataka" classname="org.foi.nwtis.tskobic.zadaca_1.ServerGlavniTest" time="0.102"/>
  <testcase name="testPripremiKorisnici" classname="org.foi.nwtis.tskobic.zadaca_1.ServerGlavniTest" time="0.003"/>
  <testcase name="testObradaZahtjeva" classname="org.foi.nwtis.tskobic.zadaca_1.ServerGlavniTest" time="0.115">
    <failure type="org.opentest4j.AssertionFailedError"><![CDATA[org.opentest4j.AssertionFailedError: expected: <true> but was: <false>
	at org.foi.nwtis.tskobic.zadaca_1.ServerGlavniTest.testObradaZahtjeva(ServerGlavniTest.java:113)
]]></failure>
    <system-out><![CDATA[Čekam korisnika.
Čekam korisnika.
METEO LZDA
Connection refused

]]></system-out>
    <system-err><![CDATA[java.lang.NullPointerException: Cannot invoke "String.length()" because "str" is null
	at java.base/java.io.Writer.write(Writer.java:249)
	at org.foi.nwtis.tskobic.zadaca_1.DretvaZahtjeva.izvrsiMeteoIcao(DretvaZahtjeva.java:80)
	at org.foi.nwtis.tskobic.zadaca_1.DretvaZahtjeva.run(DretvaZahtjeva.java:60)
]]></system-err>
  </testcase>
  <testcase name="testServerGlavni" classname="org.foi.nwtis.tskobic.zadaca_1.ServerGlavniTest" time="0.001"/>
  <testcase name="testMain" classname="org.foi.nwtis.tskobic.zadaca_1.ServerGlavniTest" time="0.002"/>
</testsuite>